#1 [internal] load .dockerignore
#1 transferring context: 2B done
#1 DONE 0.0s

#2 [internal] load build definition from Dockerfile
#2 transferring dockerfile: 580B done
#2 DONE 0.0s

#3 [internal] load metadata for docker.io/jupyter/scipy-notebook:2023-06-01
#3 DONE 0.0s

#4 [ 1/11] FROM docker.io/jupyter/scipy-notebook:2023-06-01
#4 DONE 0.0s

#5 [ 5/11] RUN conda install -c conda-forge/label/main openbabel -y
#5 CACHED

#6 [ 6/11] RUN git clone https://github.com/hcji/PyFingerprint.git
#6 CACHED

#7 [ 2/11] RUN apt-get update && apt-get install git -y
#7 CACHED

#8 [ 3/11] RUN apt-get install openjdk-11-jdk -y
#8 CACHED

#9 [ 4/11] RUN pip install git+https://github.com/EBjerrum/molvecgen
#9 CACHED

#10 [ 7/11] WORKDIR /home/jovyan/PyFingerprint
#10 CACHED

#11 [ 8/11] RUN conda install -c rdkit -c anaconda -c conda-forge -c defaults cudatoolkit cudnn tensorflow-gpu rdkit faiss
#11 1.095 Collecting package metadata (current_repodata.json): ...working... 
#11 CANCELED
ERROR: failed to solve: Canceled: context canceled
